[2018-04-05 15:46:10] Laboration 1.INFO: Hello [] []
[2018-04-05 15:49:59] Laboration 1.INFO: Hello [] []
[2018-04-05 15:54:31] Laboration 1.INFO: Hello [] []
[2018-04-05 15:55:44] Laboration 1.INFO: HelloKalle [] []
[2018-04-05 15:56:31] Laboration 1.INFO: Hello Kalle [] []
[2018-04-11 09:34:38] Laboration 1.INFO: Hello  [] []
[2018-04-11 09:35:31] Laboration 1.INFO: Hello  [] []
[2018-04-11 09:35:44] Laboration 1.INFO: Hello  [] []
[2018-04-11 09:37:20] Laboration 1.INFO:  [] []
[2018-04-11 09:37:26] Laboration 1.INFO:  [] []
[2018-04-11 09:38:59] Laboration 1.INFO:  [] []
[2018-04-11 09:39:06] Laboration 1.INFO:  [] []
[2018-04-11 09:39:26] Laboration 1.INFO:  [] []
[2018-04-11 09:44:28] Laboration 1.INFO:  [] []
[2018-04-11 09:46:36] Laboration 1.INFO:  [] []
[2018-04-11 09:47:04] Laboration 1.INFO:  [] []
[2018-04-11 09:48:19] Laboration 1.INFO:  [] []
[2018-04-11 09:55:42] Laboration 1.INFO:  [] []
[2018-04-11 09:56:14] Laboration 1.INFO:  [] []
[2018-04-11 09:59:10] Laboration 1.INFO:  [] []
[2018-04-11 09:59:28] Laboration 1.INFO:  [] []
[2018-04-11 10:03:43] Laboration 1.INFO:  [] []
[2018-04-11 10:07:10] Laboration 1.INFO: Kalle4jas@hotmail.com [] []
[2018-04-11 10:54:18] Laboration 1.INFO: k4jas@hotmail.com [] []
[2018-04-11 10:55:17] Laboration 1.INFO:  [] []
[2018-04-11 10:57:46] Laboration 1.INFO: k [] []
[2018-04-11 10:58:26] Laboration 1.INFO:  [] []
[2018-04-11 11:01:32] Laboration 1.INFO:  [] []
[2018-04-11 11:02:17] Laboration 1.INFO:  [] []
[2018-04-11 11:04:27] Laboration 1.INFO:  [] []
